<?xml version="1.0" encoding="UTF-8"?>
<testsuite xmlns:xsi="http://www.w3.org/2001/XMLSchema-instance" xsi:noNamespaceSchemaLocation="https://maven.apache.org/surefire/maven-surefire-plugin/xsd/surefire-test-report-3.0.xsd" version="3.0" name="ru.netology.geo.GeoServiceImplTest" time="0.008" tests="5" errors="0" skipped="0" failures="0">
  <properties>
[...]
</properties>
  <testcase name="geoServiceImplTest(String, String, Country, String, int)[1]" classname="ru.netology.geo.GeoServiceImplTest" time="0"/>
  <testcase name="geoServiceImplTest(String, String, Country, String, int)[2]" classname="ru.netology.geo.GeoServiceImplTest" time="0"/>
  <testcase name="geoServiceImplTest(String, String, Country, String, int)[3]" classname="ru.netology.geo.GeoServiceImplTest" time="0"/>
  <testcase name="geoServiceImplTest(String, String, Country, String, int)[4]" classname="ru.netology.geo.GeoServiceImplTest" time="0.001"/>
  <testcase name="geoServiceImplTest(String, String, Country, String, int)[5]" classname="ru.netology.geo.GeoServiceImplTest" time="0.001"/>
</testsuite>